<?xml version="1.0" encoding="UTF-8"?>
<testng-results skipped="0" failed="0" ignored="0" total="1" passed="1">
  <reporter-output>
  </reporter-output>
  <suite name="Default suite" duration-ms="44" started-at="2021-10-23T07:08:16Z" finished-at="2021-10-23T07:08:16Z">
    <groups>
    </groups>
    <test name="Default test" duration-ms="44" started-at="2021-10-23T07:08:16Z" finished-at="2021-10-23T07:08:16Z">
      <class name="practice.Revise">
        <test-method status="PASS" signature="noofduplicates()[pri:0, instance:practice.Revise@1ed4004b]" name="noofduplicates" duration-ms="17" started-at="2021-10-23T12:38:16Z" finished-at="2021-10-23T12:38:16Z">
          <reporter-output>
          </reporter-output>
        </test-method> <!-- noofduplicates -->
      </class> <!-- practice.Revise -->
    </test> <!-- Default test -->
  </suite> <!-- Default suite -->
</testng-results>
